<?xml version="1.0" encoding="UTF-8"?>
<!-- Generated by org.testng.reporters.JUnitXMLReporter -->
<testsuite ignored="0" hostname="New8" failures="0" tests="4" name="Test" time="70.825" errors="0" timestamp="09 Nov 2023 10:07:11 GMT">
  <testcase classname="com.Appscook.pageObjectTest.botUserTest.SettingPageTest" name="logoTest" time="0.569"/>
  <testcase classname="com.Appscook.pageObjectTest.botUserTest.SettingPageTest" name="StudentEvaluationPageTest" time="11.707"/>
  <testcase classname="com.Appscook.pageObjectTest.botUserTest.SettingPageTest" name="selectionProcessPageTest" time="20.836"/>
  <testcase classname="com.Appscook.pageObjectTest.botUserTest.SettingPageTest" name="admissionProcessPageTest" time="12.875"/>
</testsuite> <!-- Test -->
