<?xml version="1.0" encoding="UTF-8"?>
<testng-results ignored="0" total="4" passed="4" failed="0" skipped="0">
  <reporter-output>
  </reporter-output>
  <suite started-at="2023-11-09T10:06:01Z" name="Suite" finished-at="2023-11-09T10:07:11Z" duration-ms="70825">
    <groups>
    </groups>
    <test started-at="2023-11-09T10:06:01Z" name="Test" finished-at="2023-11-09T10:07:11Z" duration-ms="70825">
      <class name="com.Appscook.pageObjectTest.botUserTest.SettingPageTest">
        <test-method is-config="true" signature="ReportSetup()[pri:0, instance:com.Appscook.pageObjectTest.botUserTest.SettingPageTest@5403f35f]" started-at="2023-11-09T10:06:01Z" name="ReportSetup" finished-at="2023-11-09T10:06:01Z" duration-ms="96" status="PASS">
          <reporter-output>
          </reporter-output>
        </test-method> <!-- ReportSetup -->
        <test-method is-config="true" signature="initialization()[pri:0, instance:com.Appscook.pageObjectTest.botUserTest.SettingPageTest@5403f35f]" started-at="2023-11-09T10:06:01Z" name="initialization" finished-at="2023-11-09T10:06:07Z" duration-ms="6005" status="PASS">
          <reporter-output>
          </reporter-output>
        </test-method> <!-- initialization -->
        <test-method is-config="true" signature="setup()[pri:0, instance:com.Appscook.pageObjectTest.botUserTest.SettingPageTest@5403f35f]" started-at="2023-11-09T10:06:07Z" name="setup" finished-at="2023-11-09T10:06:07Z" duration-ms="60" status="PASS">
          <reporter-output>
          </reporter-output>
        </test-method> <!-- setup -->
        <test-method signature="logoTest()[pri:0, instance:com.Appscook.pageObjectTest.botUserTest.SettingPageTest@5403f35f]" started-at="2023-11-09T10:06:07Z" name="logoTest" description="Validation of Logo On appscook home Page" finished-at="2023-11-09T10:06:07Z" duration-ms="569" status="PASS">
          <reporter-output>
          </reporter-output>
        </test-method> <!-- logoTest -->
        <test-method is-config="true" signature="Exit()[pri:0, instance:com.Appscook.pageObjectTest.botUserTest.SettingPageTest@5403f35f]" started-at="2023-11-09T10:06:07Z" name="Exit" finished-at="2023-11-09T10:06:08Z" duration-ms="591" status="PASS">
          <reporter-output>
          </reporter-output>
        </test-method> <!-- Exit -->
        <test-method is-config="true" signature="getResult(org.testng.ITestResult)[pri:0, instance:com.Appscook.pageObjectTest.botUserTest.SettingPageTest@5403f35f]" started-at="2023-11-09T10:06:08Z" name="getResult" finished-at="2023-11-09T10:06:08Z" duration-ms="17" status="PASS">
          <params>
            <param index="0">
              <value>
                <![CDATA[[TestResult name=logoTest status=SUCCESS method=SettingPageTest.logoTest()[pri:0, instance:com.Appscook.pageObjectTest.botUserTest.SettingPageTest@5403f35f] output={null}]]]>
              </value>
            </param>
          </params>
          <reporter-output>
          </reporter-output>
        </test-method> <!-- getResult -->
        <test-method is-config="true" signature="initialization()[pri:0, instance:com.Appscook.pageObjectTest.botUserTest.SettingPageTest@5403f35f]" started-at="2023-11-09T10:06:08Z" name="initialization" finished-at="2023-11-09T10:06:13Z" duration-ms="5272" status="PASS">
          <reporter-output>
          </reporter-output>
        </test-method> <!-- initialization -->
        <test-method is-config="true" signature="setup()[pri:0, instance:com.Appscook.pageObjectTest.botUserTest.SettingPageTest@5403f35f]" started-at="2023-11-09T10:06:13Z" name="setup" finished-at="2023-11-09T10:06:13Z" duration-ms="5" status="PASS">
          <reporter-output>
          </reporter-output>
        </test-method> <!-- setup -->
        <test-method signature="StudentEvaluationPageTest()[pri:1, instance:com.Appscook.pageObjectTest.botUserTest.SettingPageTest@5403f35f]" started-at="2023-11-09T10:06:13Z" name="StudentEvaluationPageTest" description="click on setting option and fill the StudentEvaluation details" finished-at="2023-11-09T10:06:25Z" duration-ms="11707" status="PASS">
          <reporter-output>
          </reporter-output>
        </test-method> <!-- StudentEvaluationPageTest -->
        <test-method is-config="true" signature="Exit()[pri:0, instance:com.Appscook.pageObjectTest.botUserTest.SettingPageTest@5403f35f]" started-at="2023-11-09T10:06:25Z" name="Exit" finished-at="2023-11-09T10:06:26Z" duration-ms="871" status="PASS">
          <reporter-output>
          </reporter-output>
        </test-method> <!-- Exit -->
        <test-method is-config="true" signature="initialization()[pri:0, instance:com.Appscook.pageObjectTest.botUserTest.SettingPageTest@5403f35f]" started-at="2023-11-09T10:06:26Z" name="initialization" finished-at="2023-11-09T10:06:31Z" duration-ms="5138" status="PASS">
          <reporter-output>
          </reporter-output>
        </test-method> <!-- initialization -->
        <test-method is-config="true" signature="getResult(org.testng.ITestResult)[pri:0, instance:com.Appscook.pageObjectTest.botUserTest.SettingPageTest@5403f35f]" started-at="2023-11-09T10:06:26Z" name="getResult" finished-at="2023-11-09T10:06:26Z" duration-ms="0" status="PASS">
          <params>
            <param index="0">
              <value>
                <![CDATA[[TestResult name=StudentEvaluationPageTest status=SUCCESS method=SettingPageTest.StudentEvaluationPageTest()[pri:1, instance:com.Appscook.pageObjectTest.botUserTest.SettingPageTest@5403f35f] output={null}]]]>
              </value>
            </param>
          </params>
          <reporter-output>
          </reporter-output>
        </test-method> <!-- getResult -->
        <test-method is-config="true" signature="setup()[pri:0, instance:com.Appscook.pageObjectTest.botUserTest.SettingPageTest@5403f35f]" started-at="2023-11-09T10:06:31Z" name="setup" finished-at="2023-11-09T10:06:31Z" duration-ms="11" status="PASS">
          <reporter-output>
          </reporter-output>
        </test-method> <!-- setup -->
        <test-method signature="selectionProcessPageTest()[pri:2, instance:com.Appscook.pageObjectTest.botUserTest.SettingPageTest@5403f35f]" started-at="2023-11-09T10:06:31Z" name="selectionProcessPageTest" description=" Selection process test " finished-at="2023-11-09T10:06:52Z" duration-ms="20836" status="PASS">
          <reporter-output>
          </reporter-output>
        </test-method> <!-- selectionProcessPageTest -->
        <test-method is-config="true" signature="Exit()[pri:0, instance:com.Appscook.pageObjectTest.botUserTest.SettingPageTest@5403f35f]" started-at="2023-11-09T10:06:52Z" name="Exit" finished-at="2023-11-09T10:06:53Z" duration-ms="982" status="PASS">
          <reporter-output>
          </reporter-output>
        </test-method> <!-- Exit -->
        <test-method is-config="true" signature="getResult(org.testng.ITestResult)[pri:0, instance:com.Appscook.pageObjectTest.botUserTest.SettingPageTest@5403f35f]" started-at="2023-11-09T10:06:53Z" name="getResult" finished-at="2023-11-09T10:06:53Z" duration-ms="0" status="PASS">
          <params>
            <param index="0">
              <value>
                <![CDATA[[TestResult name=selectionProcessPageTest status=SUCCESS method=SettingPageTest.selectionProcessPageTest()[pri:2, instance:com.Appscook.pageObjectTest.botUserTest.SettingPageTest@5403f35f] output={null}]]]>
              </value>
            </param>
          </params>
          <reporter-output>
          </reporter-output>
        </test-method> <!-- getResult -->
        <test-method is-config="true" signature="initialization()[pri:0, instance:com.Appscook.pageObjectTest.botUserTest.SettingPageTest@5403f35f]" started-at="2023-11-09T10:06:53Z" name="initialization" finished-at="2023-11-09T10:06:58Z" duration-ms="4868" status="PASS">
          <reporter-output>
          </reporter-output>
        </test-method> <!-- initialization -->
        <test-method is-config="true" signature="setup()[pri:0, instance:com.Appscook.pageObjectTest.botUserTest.SettingPageTest@5403f35f]" started-at="2023-11-09T10:06:58Z" name="setup" finished-at="2023-11-09T10:06:58Z" duration-ms="9" status="PASS">
          <reporter-output>
          </reporter-output>
        </test-method> <!-- setup -->
        <test-method signature="admissionProcessPageTest()[pri:3, instance:com.Appscook.pageObjectTest.botUserTest.SettingPageTest@5403f35f]" started-at="2023-11-09T10:06:58Z" name="admissionProcessPageTest" description="admission process test" finished-at="2023-11-09T10:07:10Z" duration-ms="12875" status="PASS">
          <reporter-output>
          </reporter-output>
        </test-method> <!-- admissionProcessPageTest -->
        <test-method is-config="true" signature="Exit()[pri:0, instance:com.Appscook.pageObjectTest.botUserTest.SettingPageTest@5403f35f]" started-at="2023-11-09T10:07:10Z" name="Exit" finished-at="2023-11-09T10:07:11Z" duration-ms="998" status="PASS">
          <reporter-output>
          </reporter-output>
        </test-method> <!-- Exit -->
        <test-method is-config="true" signature="getResult(org.testng.ITestResult)[pri:0, instance:com.Appscook.pageObjectTest.botUserTest.SettingPageTest@5403f35f]" started-at="2023-11-09T10:07:11Z" name="getResult" finished-at="2023-11-09T10:07:11Z" duration-ms="0" status="PASS">
          <params>
            <param index="0">
              <value>
                <![CDATA[[TestResult name=admissionProcessPageTest status=SUCCESS method=SettingPageTest.admissionProcessPageTest()[pri:3, instance:com.Appscook.pageObjectTest.botUserTest.SettingPageTest@5403f35f] output={null}]]]>
              </value>
            </param>
          </params>
          <reporter-output>
          </reporter-output>
        </test-method> <!-- getResult -->
        <test-method is-config="true" signature="endReport()[pri:0, instance:com.Appscook.pageObjectTest.botUserTest.SettingPageTest@5403f35f]" started-at="2023-11-09T10:07:12Z" name="endReport" finished-at="2023-11-09T10:07:12Z" duration-ms="785" status="PASS">
          <reporter-output>
          </reporter-output>
        </test-method> <!-- endReport -->
      </class> <!-- com.Appscook.pageObjectTest.botUserTest.SettingPageTest -->
    </test> <!-- Test -->
  </suite> <!-- Suite -->
</testng-results>
